number,value,datetime_start,datetime_complete,duration,params_colsample_bytree,params_learning_rate,params_max_depth,params_min_child_weight,params_n_estimators,params_reg_alpha,params_reg_lambda,params_subsample,system_attrs_tpe:relative_params:0,state
0,0.920734689511816,2026-10-06 10:50:46.281751,2026-10-06 10:51:28.288267,0 days 00:00:42.006516,0.5779972601681014,0.2536999076681772,8,6,300,2.9154431891537547,0.014936568554617643,0.5780093202212182,,COMPLETE
1,0.9281930415976225,2026-10-06 10:51:28.288401,2026-10-06 10:52:01.307443,0 days 00:00:33.019042,0.6061695553391381,0.11114989443094977,3,10,400,0.00541524411940254,0.035113563139704075,0.9162213204002109,,COMPLETE
2,0.92891966776881,2026-10-06 10:52:01.307518,2026-10-06 10:52:39.976415,0 days 00:00:38.668897,0.569746930326021,0.05958389350068958,6,3,250,0.029204338471814112,0.07523742884534858,0.8059264473611898,,COMPLETE
3,0.9284794099110526,2026-10-06 10:52:39.976485,2026-10-06 10:53:09.664449,0 days 00:00:29.687964,0.5232252063599989,0.14447746112718687,4,6,350,0.004809461967501573,0.6647135865318028,0.7962072844310213,,COMPLETE
4,0.9245671816323672,2026-10-06 10:53:09.664541,2026-10-06 10:53:24.311294,0 days 00:00:14.646753,0.5488360570031919,0.2521267904777921,10,9,100,0.057624872164786026,1.1290133559092674,0.6523068845866853,,COMPLETE
5,0.9182899081737945,2026-10-06 10:53:24.311367,2026-10-06 10:53:37.071819,0 days 00:00:12.760452,0.831261142176991,0.05388108577817234,3,10,150,0.12030178871154672,0.08612579192594885,0.6293899908000085,,COMPLETE
6,0.926532366038167,2026-10-06 10:53:37.071884,2026-10-06 10:54:23.654750,0 days 00:00:46.582866,0.9474136752138245,0.01875220945578641,10,8,400,4.869640941520899,0.6218704727769077,0.9697494707820946,,COMPLETE
7,0.9033671856242043,2026-10-06 10:54:23.654816,2026-10-06 10:54:23.844372,0 days 00:00:00.189556,0.6356745158869479,0.01947558230629543,3,4,100,0.026730883107816707,3.063462210622083,0.6943386448447411,,COMPLETE
8,0.9254805747375812,2026-10-06 10:54:23.844474,2026-10-06 10:54:27.102257,0 days 00:00:03.257783,0.9934434683002586,0.06333268775321842,4,9,250,0.0062353771356731605,2.0736445177905036,0.5372753218398854,,COMPLETE
9,0.927661949016299,2026-10-06 10:54:27.102330,2026-10-06 10:54:29.300265,0 days 00:00:02.197935,0.5370223258670452,0.1601531217136121,8,8,100,0.0029072088906598446,0.11895896737553548,0.8856351733429728,,COMPLETE
10,0.9230583955475741,2026-10-06 10:54:29.300408,2026-10-06 10:54:32.278604,0 days 00:00:02.978196,0.655672667407274,0.038056076318207656,5,3,150,0.4612470275832328,0.10978744399571568,0.8011671560477487,"{""colsample_bytree"": 0.655672667407274, ""learning_rate"": 0.038056076318207656, ""max_depth"": 5, ""min_child_weight"": 3, ""n_estimators"": 150, ""reg_alpha"": 0.4612470275832328, ""reg_lambda"": 0.10978744399571568, ""subsample"": 0.8011671560477487}",COMPLETE
11,0.925068583865764,2026-10-06 10:54:32.278673,2026-10-06 10:54:38.569324,0 days 00:00:06.290651,0.605852183996704,0.19528399648223882,5,7,500,0.004473225971761285,1.8490848416819579,0.7878826454126279,"{""colsample_bytree"": 0.605852183996704, ""learning_rate"": 0.19528399648223882, ""max_depth"": 5, ""min_child_weight"": 7, ""n_estimators"": 500, ""reg_alpha"": 0.004473225971761285, ""reg_lambda"": 1.8490848416819579, ""subsample"": 0.7878826454126279}",COMPLETE
12,0.9275792887123717,2026-10-06 10:54:38.569390,2026-10-06 10:54:43.806780,0 days 00:00:05.237390,0.5020730763700768,0.1448084430538915,5,2,350,0.0020834062685893702,0.0855772882368724,0.8245873848564652,"{""colsample_bytree"": 0.5020730763700768, ""learning_rate"": 0.1448084430538915, ""max_depth"": 5, ""min_child_weight"": 2, ""n_estimators"": 350, ""reg_alpha"": 0.0020834062685893702, ""reg_lambda"": 0.0855772882368724, ""subsample"": 0.8245873848564652}",COMPLETE
13,0.9280336697907433,2026-10-06 10:54:43.806915,2026-10-06 10:54:51.175731,0 days 00:00:07.368816,0.5308521739775451,0.08110282893855883,3,3,450,0.014203875584707695,0.25044177077461566,0.6135079799416838,"{""colsample_bytree"": 0.5308521739775451, ""learning_rate"": 0.08110282893855883, ""max_depth"": 3, ""min_child_weight"": 3, ""n_estimators"": 450, ""reg_alpha"": 0.014203875584707695, ""reg_lambda"": 0.25044177077461566, ""subsample"": 0.6135079799416838}",COMPLETE
14,0.9282027152078681,2026-10-06 10:54:51.175925,2026-10-06 10:54:53.882236,0 days 00:00:02.706311,0.5531039875481555,0.22463121026877456,3,6,250,0.0024292101235138647,0.6446265195149044,0.7660902261233273,"{""colsample_bytree"": 0.5531039875481555, ""learning_rate"": 0.22463121026877456, ""max_depth"": 3, ""min_child_weight"": 6, ""n_estimators"": 250, ""reg_alpha"": 0.0024292101235138647, ""reg_lambda"": 0.6446265195149044, ""subsample"": 0.7660902261233273}",COMPLETE
15,0.9267781616656897,2026-10-06 10:54:53.882360,2026-10-06 10:55:00.266321,0 days 00:00:06.383961,0.546286142017492,0.10863714748410752,8,8,300,0.003574934402903269,1.1608572105784323,0.896321054953914,"{""colsample_bytree"": 0.546286142017492, ""learning_rate"": 0.10863714748410752, ""max_depth"": 8, ""min_child_weight"": 8, ""n_estimators"": 300, ""reg_alpha"": 0.003574934402903269, ""reg_lambda"": 1.1608572105784323, ""subsample"": 0.896321054953914}",COMPLETE
16,0.9279720402922311,2026-10-06 10:55:00.266387,2026-10-06 10:55:08.534769,0 days 00:00:08.268382,0.5412566235230297,0.23985818933793882,3,7,400,0.0931508957128887,2.4745069870154457,0.795149077458817,"{""colsample_bytree"": 0.5412566235230297, ""learning_rate"": 0.23985818933793882, ""max_depth"": 3, ""min_child_weight"": 7, ""n_estimators"": 400, ""reg_alpha"": 0.0931508957128887, ""reg_lambda"": 2.4745069870154457, ""subsample"": 0.795149077458817}",COMPLETE
17,0.927781357085635,2026-10-06 10:55:08.534843,2026-10-06 10:55:13.522083,0 days 00:00:04.987240,0.6440019577977083,0.2054228903968898,4,6,300,0.016003958766262434,0.06430048798733634,0.8249902670478768,"{""colsample_bytree"": 0.6440019577977083, ""learning_rate"": 0.2054228903968898, ""max_depth"": 4, ""min_child_weight"": 6, ""n_estimators"": 300, ""reg_alpha"": 0.016003958766262434, ""reg_lambda"": 0.06430048798733634, ""subsample"": 0.8249902670478768}",COMPLETE
18,0.9256452634373012,2026-10-06 10:55:13.522146,2026-10-06 10:55:20.589301,0 days 00:00:07.067155,0.5910768122043654,0.14091342422017708,6,7,450,0.03955095393142916,0.2800397661448941,0.8076483530537617,"{""colsample_bytree"": 0.5910768122043654, ""learning_rate"": 0.14091342422017708, ""max_depth"": 6, ""min_child_weight"": 7, ""n_estimators"": 450, ""reg_alpha"": 0.03955095393142916, ""reg_lambda"": 0.2800397661448941, ""subsample"": 0.8076483530537617}",COMPLETE
19,0.9288523147734222,2026-10-06 10:55:20.589393,2026-10-06 10:55:25.102593,0 days 00:00:04.513200,0.528696067766859,0.09730347283431556,4,6,400,0.0026757472612521905,4.10248113537795,0.8662903335845221,"{""colsample_bytree"": 0.528696067766859, ""learning_rate"": 0.09730347283431556, ""max_depth"": 4, ""min_child_weight"": 6, ""n_estimators"": 400, ""reg_alpha"": 0.0026757472612521905, ""reg_lambda"": 4.10248113537795, ""subsample"": 0.8662903335845221}",COMPLETE
20,0.9271213209795757,2026-10-06 10:55:25.102659,2026-10-06 10:55:29.341755,0 days 00:00:04.239096,0.7076177218388255,0.14655125859965729,5,5,400,0.0014395615717916162,0.1430833554544356,0.9049219748078104,"{""colsample_bytree"": 0.7076177218388255, ""learning_rate"": 0.14655125859965729, ""max_depth"": 5, ""min_child_weight"": 5, ""n_estimators"": 400, ""reg_alpha"": 0.0014395615717916162, ""reg_lambda"": 0.1430833554544356, ""subsample"": 0.9049219748078104}",COMPLETE
21,0.9285670754294063,2026-10-06 10:55:29.341820,2026-10-06 10:55:36.754428,0 days 00:00:07.412608,0.5219782685908904,0.07773499586313158,4,4,400,0.02316242701917503,8.55945199800028,0.8888318867741662,"{""colsample_bytree"": 0.5219782685908904, ""learning_rate"": 0.07773499586313158, ""max_depth"": 4, ""min_child_weight"": 4, ""n_estimators"": 400, ""reg_alpha"": 0.02316242701917503, ""reg_lambda"": 8.55945199800028, ""subsample"": 0.8888318867741662}",COMPLETE
22,0.9285824585169878,2026-10-06 10:55:36.754504,2026-10-06 10:55:44.893495,0 days 00:00:08.138991,0.5563572838903579,0.06814566441620204,6,5,550,0.05269007619393421,3.7129414450315346,0.8872612502357899,"{""colsample_bytree"": 0.5563572838903579, ""learning_rate"": 0.06814566441620204, ""max_depth"": 6, ""min_child_weight"": 5, ""n_estimators"": 550, ""reg_alpha"": 0.05269007619393421, ""reg_lambda"": 3.7129414450315346, ""subsample"": 0.8872612502357899}",COMPLETE
23,0.9280827336203782,2026-10-06 10:55:44.893563,2026-10-06 10:55:52.430347,0 days 00:00:07.536784,0.561251617164309,0.08415167633346882,6,7,500,0.00222179032572434,2.9392387034003438,0.8950043144026059,"{""colsample_bytree"": 0.561251617164309, ""learning_rate"": 0.08415167633346882, ""max_depth"": 6, ""min_child_weight"": 7, ""n_estimators"": 500, ""reg_alpha"": 0.00222179032572434, ""reg_lambda"": 2.9392387034003438, ""subsample"": 0.8950043144026059}",COMPLETE
24,0.9278627663479778,2026-10-06 10:55:52.430416,2026-10-06 10:55:59.975703,0 days 00:00:07.545287,0.5508685274339306,0.18882928620399225,4,6,550,0.009241298749678222,7.29437512788806,0.8742216600419956,"{""colsample_bytree"": 0.5508685274339306, ""learning_rate"": 0.18882928620399225, ""max_depth"": 4, ""min_child_weight"": 6, ""n_estimators"": 550, ""reg_alpha"": 0.009241298749678222, ""reg_lambda"": 7.29437512788806, ""subsample"": 0.8742216600419956}",COMPLETE
25,0.9292914531680155,2026-10-06 10:55:59.975776,2026-10-06 10:56:05.757730,0 days 00:00:05.781954,0.51525616049528,0.06350483853983785,5,4,450,0.2617850559943537,1.1168923128987642,0.841809730765818,"{""colsample_bytree"": 0.51525616049528, ""learning_rate"": 0.06350483853983785, ""max_depth"": 5, ""min_child_weight"": 4, ""n_estimators"": 450, ""reg_alpha"": 0.2617850559943537, ""reg_lambda"": 1.1168923128987642, ""subsample"": 0.841809730765818}",COMPLETE
26,0.9288011988287848,2026-10-06 10:56:05.757793,2026-10-06 10:56:12.934117,0 days 00:00:07.176324,0.5944319641074578,0.17503774784700005,4,5,400,0.0024380578169060974,5.556924223009839,0.9345603813085922,"{""colsample_bytree"": 0.5944319641074578, ""learning_rate"": 0.17503774784700005, ""max_depth"": 4, ""min_child_weight"": 5, ""n_estimators"": 400, ""reg_alpha"": 0.0024380578169060974, ""reg_lambda"": 5.556924223009839, ""subsample"": 0.9345603813085922}",COMPLETE
27,0.9286101894436125,2026-10-06 10:56:12.934185,2026-10-06 10:56:22.509625,0 days 00:00:09.575440,0.5442896954644061,0.07194689011681614,4,4,450,0.07902783188317117,3.57183271169978,0.7605284006942137,"{""colsample_bytree"": 0.5442896954644061, ""learning_rate"": 0.07194689011681614, ""max_depth"": 4, ""min_child_weight"": 4, ""n_estimators"": 450, ""reg_alpha"": 0.07902783188317117, ""reg_lambda"": 3.57183271169978, ""subsample"": 0.7605284006942137}",COMPLETE
28,0.928934977557471,2026-10-06 10:56:22.509694,2026-10-06 10:56:27.608833,0 days 00:00:05.099139,0.500906315831973,0.05482056084886516,5,6,500,0.01244279021889944,3.2822269303004306,0.8811802733127142,"{""colsample_bytree"": 0.500906315831973, ""learning_rate"": 0.05482056084886516, ""max_depth"": 5, ""min_child_weight"": 6, ""n_estimators"": 500, ""reg_alpha"": 0.01244279021889944, ""reg_lambda"": 3.2822269303004306, ""subsample"": 0.8811802733127142}",COMPLETE
29,0.9288145363841498,2026-10-06 10:56:27.608973,2026-10-06 10:56:33.597572,0 days 00:00:05.988599,0.5020505713431574,0.06126626508192084,4,6,500,0.030577195551264057,1.6511068501561519,0.8856424937143529,"{""colsample_bytree"": 0.5020505713431574, ""learning_rate"": 0.06126626508192084, ""max_depth"": 4, ""min_child_weight"": 6, ""n_estimators"": 500, ""reg_alpha"": 0.030577195551264057, ""reg_lambda"": 1.6511068501561519, ""subsample"": 0.8856424937143529}",COMPLETE
30,0.92737946863299,2026-10-06 10:56:33.597638,2026-10-06 10:56:42.430846,0 days 00:00:08.833208,0.5892395747014552,0.020734495467650688,6,8,550,0.008287817977847313,2.3615574187565604,0.8504426657148201,"{""colsample_bytree"": 0.5892395747014552, ""learning_rate"": 0.020734495467650688, ""max_depth"": 6, ""min_child_weight"": 8, ""n_estimators"": 550, ""reg_alpha"": 0.008287817977847313, ""reg_lambda"": 2.3615574187565604, ""subsample"": 0.8504426657148201}",COMPLETE
31,0.9280803630529977,2026-10-06 10:56:42.430910,2026-10-06 10:56:49.141931,0 days 00:00:06.711021,0.5298115111056073,0.06062742073748515,4,8,500,0.0010378648191446166,2.694416622463918,0.7652554884246081,"{""colsample_bytree"": 0.5298115111056073, ""learning_rate"": 0.06062742073748515, ""max_depth"": 4, ""min_child_weight"": 8, ""n_estimators"": 500, ""reg_alpha"": 0.0010378648191446166, ""reg_lambda"": 2.694416622463918, ""subsample"": 0.7652554884246081}",COMPLETE
32,0.9273201276878862,2026-10-06 10:56:49.142007,2026-10-06 10:56:53.652692,0 days 00:00:04.510685,0.5223324329026816,0.06963503221576312,3,6,450,0.0027094024044321554,2.0035970989276275,0.857164450952331,"{""colsample_bytree"": 0.5223324329026816, ""learning_rate"": 0.06963503221576312, ""max_depth"": 3, ""min_child_weight"": 6, ""n_estimators"": 450, ""reg_alpha"": 0.0027094024044321554, ""reg_lambda"": 2.0035970989276275, ""subsample"": 0.857164450952331}",COMPLETE
33,0.9283588409312585,2026-10-06 10:56:53.652766,2026-10-06 10:57:01.429800,0 days 00:00:07.777034,0.6019877823005054,0.04094249306926775,5,6,500,0.01627198632468147,1.5543693172210604,0.8625432703900485,"{""colsample_bytree"": 0.6019877823005054, ""learning_rate"": 0.04094249306926775, ""max_depth"": 5, ""min_child_weight"": 6, ""n_estimators"": 500, ""reg_alpha"": 0.01627198632468147, ""reg_lambda"": 1.5543693172210604, ""subsample"": 0.8625432703900485}",COMPLETE
34,0.9278134167252311,2026-10-06 10:57:01.429897,2026-10-06 10:57:08.241989,0 days 00:00:06.812092,0.6133863899520586,0.12028467568521849,5,7,550,0.0025259634086456525,9.3518313808326,0.8615065359554415,"{""colsample_bytree"": 0.6133863899520586, ""learning_rate"": 0.12028467568521849, ""max_depth"": 5, ""min_child_weight"": 7, ""n_estimators"": 550, ""reg_alpha"": 0.0025259634086456525, ""reg_lambda"": 9.3518313808326, ""subsample"": 0.8615065359554415}",COMPLETE
35,0.9278615558315378,2026-10-06 10:57:08.242056,2026-10-06 10:57:12.824233,0 days 00:00:04.582177,0.5981508879674415,0.061426377707015756,4,6,400,0.0022165158232753386,6.226114591575603,0.8310055907304401,"{""colsample_bytree"": 0.5981508879674415, ""learning_rate"": 0.061426377707015756, ""max_depth"": 4, ""min_child_weight"": 6, ""n_estimators"": 400, ""reg_alpha"": 0.0022165158232753386, ""reg_lambda"": 6.226114591575603, ""subsample"": 0.8310055907304401}",COMPLETE
36,0.9290708592442106,2026-10-06 10:57:12.824299,2026-10-06 10:57:18.685354,0 days 00:00:05.861055,0.5133314983675811,0.07522476731869747,5,5,450,0.0013936805120271939,8.782109957916303,0.9142041702747984,"{""colsample_bytree"": 0.5133314983675811, ""learning_rate"": 0.07522476731869747, ""max_depth"": 5, ""min_child_weight"": 5, ""n_estimators"": 450, ""reg_alpha"": 0.0013936805120271939, ""reg_lambda"": 8.782109957916303, ""subsample"": 0.9142041702747984}",COMPLETE
37,0.9291571216878006,2026-10-06 10:57:18.685419,2026-10-06 10:57:25.696094,0 days 00:00:07.010675,0.5008891158456248,0.08215592384219042,5,5,500,0.11348536613771963,4.527153827696787,0.9201967551126132,"{""colsample_bytree"": 0.5008891158456248, ""learning_rate"": 0.08215592384219042, ""max_depth"": 5, ""min_child_weight"": 5, ""n_estimators"": 500, ""reg_alpha"": 0.11348536613771963, ""reg_lambda"": 4.527153827696787, ""subsample"": 0.9201967551126132}",COMPLETE
38,0.9281877840757773,2026-10-06 10:57:25.696170,2026-10-06 10:57:29.908719,0 days 00:00:04.212549,0.5288054928381197,0.04618048853939701,5,6,450,0.0013221202678706302,7.0720969532453015,0.8671882716637465,"{""colsample_bytree"": 0.5288054928381197, ""learning_rate"": 0.04618048853939701, ""max_depth"": 5, ""min_child_weight"": 6, ""n_estimators"": 450, ""reg_alpha"": 0.0013221202678706302, ""reg_lambda"": 7.0720969532453015, ""subsample"": 0.8671882716637465}",COMPLETE
39,0.9281645088125643,2026-10-06 10:57:29.908792,2026-10-06 10:57:36.926032,0 days 00:00:07.017240,0.5345719318778177,0.09089770881645719,6,5,500,0.06384359604749124,0.9434095395452626,0.9349068702781962,"{""colsample_bytree"": 0.5345719318778177, ""learning_rate"": 0.09089770881645719, ""max_depth"": 6, ""min_child_weight"": 5, ""n_estimators"": 500, ""reg_alpha"": 0.06384359604749124, ""reg_lambda"": 0.9434095395452626, ""subsample"": 0.9349068702781962}",COMPLETE
